  [1m[36m (27.7ms)[0m  [1mCREATE TABLE "schema_migrations" ("version" character varying NOT NULL) [0m
  [1m[35m (1.7ms)[0m  CREATE UNIQUE INDEX  "unique_schema_migrations" ON "schema_migrations"  ("version")
  [1m[36mActiveRecord::SchemaMigration Load (0.9ms)[0m  [1mSELECT "schema_migrations".* FROM "schema_migrations"[0m
Migrating to CreateCats (20141030170121)
  [1m[35m (0.3ms)[0m  BEGIN
DEPRECATION WARNING: `#timestamps` was called without specifying an option for `null`. In Rails 5, this behavior will change to `null: false`. You should manually specify `null: true` to prevent the behavior of your existing migrations from changing. (called from block in change at /Users/appacademy/Desktop/aACoursework/W4D3/skeleton/db/migrate/20141030170121_create_cats.rb:10)
  [1m[36m (38.5ms)[0m  [1mCREATE TABLE "cats" ("id" serial primary key, "birth_date" date NOT NULL, "color" character varying NOT NULL, "name" character varying NOT NULL, "sex" character varying(1) NOT NULL, "description" text, "created_at" timestamp, "updated_at" timestamp) [0m
  [1m[35mSQL (0.5ms)[0m  INSERT INTO "schema_migrations" ("version") VALUES ($1)  [["version", "20141030170121"]]
  [1m[36m (0.8ms)[0m  [1mCOMMIT[0m
Migrating to CreateCatRentalRequests (20141030172156)
  [1m[35m (0.4ms)[0m  BEGIN
DEPRECATION WARNING: `#timestamps` was called without specifying an option for `null`. In Rails 5, this behavior will change to `null: false`. You should manually specify `null: true` to prevent the behavior of your existing migrations from changing. (called from block in change at /Users/appacademy/Desktop/aACoursework/W4D3/skeleton/db/migrate/20141030172156_create_cat_rental_requests.rb:9)
  [1m[36m (5.9ms)[0m  [1mCREATE TABLE "cat_rental_requests" ("id" serial primary key, "cat_id" integer NOT NULL, "end_date" date NOT NULL, "start_date" date NOT NULL, "status" character varying NOT NULL, "created_at" timestamp, "updated_at" timestamp) [0m
  [1m[35m (1.2ms)[0m  CREATE  INDEX  "index_cat_rental_requests_on_cat_id" ON "cat_rental_requests"  ("cat_id")
  [1m[36mSQL (0.3ms)[0m  [1mINSERT INTO "schema_migrations" ("version") VALUES ($1)[0m  [["version", "20141030172156"]]
  [1m[35m (0.8ms)[0m  COMMIT
Migrating to CreateUsers (20170322174937)
  [1m[36m (0.4ms)[0m  [1mBEGIN[0m
  [1m[35m (4.6ms)[0m  CREATE TABLE "users" ("id" serial primary key, "username" character varying NOT NULL, "password_digest" character varying NOT NULL, "session_token" character varying NOT NULL, "created_at" timestamp NOT NULL, "updated_at" timestamp NOT NULL) 
  [1m[36m (1.7ms)[0m  [1mCREATE UNIQUE INDEX  "index_users_on_username" ON "users"  ("username")[0m
  [1m[35m (1.2ms)[0m  CREATE UNIQUE INDEX  "index_users_on_session_token" ON "users"  ("session_token")
  [1m[36mSQL (0.2ms)[0m  [1mINSERT INTO "schema_migrations" ("version") VALUES ($1)[0m  [["version", "20170322174937"]]
  [1m[35m (0.8ms)[0m  COMMIT
  [1m[36mActiveRecord::SchemaMigration Load (0.9ms)[0m  [1mSELECT "schema_migrations".* FROM "schema_migrations"[0m
  [1m[35m (10.0ms)[0m  SELECT t2.oid::regclass::text AS to_table, a1.attname AS column, a2.attname AS primary_key, c.conname AS name, c.confupdtype AS on_update, c.confdeltype AS on_delete
FROM pg_constraint c
JOIN pg_class t1 ON c.conrelid = t1.oid
JOIN pg_class t2 ON c.confrelid = t2.oid
JOIN pg_attribute a1 ON a1.attnum = c.conkey[1] AND a1.attrelid = t1.oid
JOIN pg_attribute a2 ON a2.attnum = c.confkey[1] AND a2.attrelid = t2.oid
JOIN pg_namespace t3 ON c.connamespace = t3.oid
WHERE c.contype = 'f'
  AND t1.relname = 'cat_rental_requests'
  AND t3.nspname = ANY (current_schemas(false))
ORDER BY c.conname

  [1m[36m (4.6ms)[0m  [1mSELECT t2.oid::regclass::text AS to_table, a1.attname AS column, a2.attname AS primary_key, c.conname AS name, c.confupdtype AS on_update, c.confdeltype AS on_delete
FROM pg_constraint c
JOIN pg_class t1 ON c.conrelid = t1.oid
JOIN pg_class t2 ON c.confrelid = t2.oid
JOIN pg_attribute a1 ON a1.attnum = c.conkey[1] AND a1.attrelid = t1.oid
JOIN pg_attribute a2 ON a2.attnum = c.confkey[1] AND a2.attrelid = t2.oid
JOIN pg_namespace t3 ON c.connamespace = t3.oid
WHERE c.contype = 'f'
  AND t1.relname = 'cats'
  AND t3.nspname = ANY (current_schemas(false))
ORDER BY c.conname
[0m
  [1m[35m (3.8ms)[0m  SELECT t2.oid::regclass::text AS to_table, a1.attname AS column, a2.attname AS primary_key, c.conname AS name, c.confupdtype AS on_update, c.confdeltype AS on_delete
FROM pg_constraint c
JOIN pg_class t1 ON c.conrelid = t1.oid
JOIN pg_class t2 ON c.confrelid = t2.oid
JOIN pg_attribute a1 ON a1.attnum = c.conkey[1] AND a1.attrelid = t1.oid
JOIN pg_attribute a2 ON a2.attnum = c.confkey[1] AND a2.attrelid = t2.oid
JOIN pg_namespace t3 ON c.connamespace = t3.oid
WHERE c.contype = 'f'
  AND t1.relname = 'users'
  AND t3.nspname = ANY (current_schemas(false))
ORDER BY c.conname



Started GET "/users/new" for ::1 at 2017-03-22 14:20:31 -0400
  [1m[36mActiveRecord::SchemaMigration Load (0.8ms)[0m  [1mSELECT "schema_migrations".* FROM "schema_migrations"[0m

LoadError - Unable to autoload constant UsersController, expected /Users/appacademy/Desktop/aACoursework/W4D3/skeleton/app/controllers/users_controller.rb to define it:
  activesupport (4.2.8) lib/active_support/dependencies.rb:495:in `load_missing_constant'
  activesupport (4.2.8) lib/active_support/dependencies.rb:184:in `const_missing'
  activesupport (4.2.8) lib/active_support/inflector/methods.rb:261:in `block in constantize'
  activesupport (4.2.8) lib/active_support/inflector/methods.rb:259:in `constantize'
  activesupport (4.2.8) lib/active_support/dependencies.rb:566:in `get'
  activesupport (4.2.8) lib/active_support/dependencies.rb:597:in `constantize'
  actionpack (4.2.8) lib/action_dispatch/routing/route_set.rb:70:in `controller_reference'
  actionpack (4.2.8) lib/action_dispatch/routing/route_set.rb:60:in `controller'
  actionpack (4.2.8) lib/action_dispatch/routing/route_set.rb:39:in `serve'
  actionpack (4.2.8) lib/action_dispatch/journey/router.rb:43:in `block in serve'
  actionpack (4.2.8) lib/action_dispatch/journey/router.rb:30:in `serve'
  actionpack (4.2.8) lib/action_dispatch/routing/route_set.rb:817:in `call'
  rack (1.6.5) lib/rack/etag.rb:24:in `call'
  rack (1.6.5) lib/rack/conditionalget.rb:25:in `call'
  rack (1.6.5) lib/rack/head.rb:13:in `call'
  actionpack (4.2.8) lib/action_dispatch/middleware/params_parser.rb:27:in `call'
  actionpack (4.2.8) lib/action_dispatch/middleware/flash.rb:260:in `call'
  rack (1.6.5) lib/rack/session/abstract/id.rb:225:in `context'
  rack (1.6.5) lib/rack/session/abstract/id.rb:220:in `call'
  actionpack (4.2.8) lib/action_dispatch/middleware/cookies.rb:560:in `call'
  activerecord (4.2.8) lib/active_record/query_cache.rb:36:in `call'
  activerecord (4.2.8) lib/active_record/connection_adapters/abstract/connection_pool.rb:653:in `call'
  activerecord (4.2.8) lib/active_record/migration.rb:377:in `call'
  actionpack (4.2.8) lib/action_dispatch/middleware/callbacks.rb:29:in `block in call'
  activesupport (4.2.8) lib/active_support/callbacks.rb:88:in `__run_callbacks__'
  activesupport (4.2.8) lib/active_support/callbacks.rb:778:in `_run_call_callbacks'
  activesupport (4.2.8) lib/active_support/callbacks.rb:81:in `run_callbacks'
  actionpack (4.2.8) lib/action_dispatch/middleware/callbacks.rb:27:in `call'
  actionpack (4.2.8) lib/action_dispatch/middleware/reloader.rb:73:in `call'
  actionpack (4.2.8) lib/action_dispatch/middleware/remote_ip.rb:78:in `call'
  better_errors (2.1.1) lib/better_errors/middleware.rb:84:in `protected_app_call'
  better_errors (2.1.1) lib/better_errors/middleware.rb:79:in `better_errors_call'
  better_errors (2.1.1) lib/better_errors/middleware.rb:57:in `call'
  actionpack (4.2.8) lib/action_dispatch/middleware/debug_exceptions.rb:17:in `call'
  actionpack (4.2.8) lib/action_dispatch/middleware/show_exceptions.rb:30:in `call'
  railties (4.2.8) lib/rails/rack/logger.rb:38:in `call_app'
  railties (4.2.8) lib/rails/rack/logger.rb:20:in `block in call'
  activesupport (4.2.8) lib/active_support/tagged_logging.rb:68:in `block in tagged'
  activesupport (4.2.8) lib/active_support/tagged_logging.rb:26:in `tagged'
  activesupport (4.2.8) lib/active_support/tagged_logging.rb:68:in `tagged'
  railties (4.2.8) lib/rails/rack/logger.rb:20:in `call'
  actionpack (4.2.8) lib/action_dispatch/middleware/request_id.rb:21:in `call'
  rack (1.6.5) lib/rack/methodoverride.rb:22:in `call'
  rack (1.6.5) lib/rack/runtime.rb:18:in `call'
  activesupport (4.2.8) lib/active_support/cache/strategy/local_cache_middleware.rb:28:in `call'
  rack (1.6.5) lib/rack/lock.rb:17:in `call'
  actionpack (4.2.8) lib/action_dispatch/middleware/static.rb:120:in `call'
  rack (1.6.5) lib/rack/sendfile.rb:113:in `call'
  railties (4.2.8) lib/rails/engine.rb:518:in `call'
  railties (4.2.8) lib/rails/application.rb:165:in `call'
  rack (1.6.5) lib/rack/lock.rb:17:in `call'
  rack (1.6.5) lib/rack/content_length.rb:15:in `call'
  rack (1.6.5) lib/rack/handler/webrick.rb:88:in `service'
   () usr/local/var/rbenv/versions/2.3.1/lib/ruby/2.3.0/webrick/httpserver.rb:140:in `service'
   () usr/local/var/rbenv/versions/2.3.1/lib/ruby/2.3.0/webrick/httpserver.rb:96:in `run'
   () usr/local/var/rbenv/versions/2.3.1/lib/ruby/2.3.0/webrick/server.rb:296:in `block in start_thread'



Started POST "/__better_errors/322ebe9b7a569d3c/variables" for ::1 at 2017-03-22 14:20:31 -0400


Started GET "/users/new" for ::1 at 2017-03-22 14:21:06 -0400
Processing by UsersController#new as HTML
  Rendered users/new.html.erb within layouts/application (8.6ms)
Completed 200 OK in 1437ms (Views: 1419.5ms | ActiveRecord: 0.0ms)


Started GET "/assets/cat_rental_requests.css?body=1" for ::1 at 2017-03-22 14:21:08 -0400


Started GET "/assets/cats.css?body=1" for ::1 at 2017-03-22 14:21:08 -0400


Started GET "/assets/application.css?body=1" for ::1 at 2017-03-22 14:21:08 -0400


Started GET "/assets/jquery_ujs.js?body=1" for ::1 at 2017-03-22 14:21:08 -0400


Started GET "/assets/jquery.js?body=1" for ::1 at 2017-03-22 14:21:08 -0400


Started GET "/assets/turbolinks.js?body=1" for ::1 at 2017-03-22 14:21:08 -0400


Started GET "/assets/cat_rental_requests.js?body=1" for ::1 at 2017-03-22 14:21:08 -0400


Started GET "/assets/cats.js?body=1" for ::1 at 2017-03-22 14:21:08 -0400


Started GET "/assets/application.js?body=1" for ::1 at 2017-03-22 14:21:08 -0400


Started GET "/users/new" for ::1 at 2017-03-22 14:24:55 -0400
Processing by UsersController#new as HTML
  Rendered users/new.html.erb within layouts/application (1.0ms)
Completed 200 OK in 108ms (Views: 107.6ms | ActiveRecord: 0.0ms)


Started GET "/assets/cat_rental_requests.css?body=1" for ::1 at 2017-03-22 14:24:55 -0400


Started GET "/assets/application.css?body=1" for ::1 at 2017-03-22 14:24:55 -0400


Started GET "/assets/cats.css?body=1" for ::1 at 2017-03-22 14:24:55 -0400


Started GET "/users/new" for ::1 at 2017-03-22 14:26:19 -0400
Processing by UsersController#new as HTML
  Rendered users/new.html.erb within layouts/application (0.5ms)
Completed 200 OK in 67ms (Views: 66.2ms | ActiveRecord: 0.0ms)


Started GET "/assets/cat_rental_requests.css?body=1" for ::1 at 2017-03-22 14:26:19 -0400


Started GET "/assets/application.css?body=1" for ::1 at 2017-03-22 14:26:19 -0400


Started GET "/assets/cats.css?body=1" for ::1 at 2017-03-22 14:26:19 -0400


Started GET "/users/new" for ::1 at 2017-03-22 14:34:27 -0400
Processing by UsersController#new as HTML
  Rendered users/new.html.erb within layouts/application (0.2ms)
Completed 200 OK in 83ms (Views: 82.1ms | ActiveRecord: 0.0ms)


Started GET "/assets/cat_rental_requests.css?body=1" for ::1 at 2017-03-22 14:34:27 -0400


Started GET "/assets/cats.css?body=1" for ::1 at 2017-03-22 14:34:27 -0400


Started GET "/assets/application.css?body=1" for ::1 at 2017-03-22 14:34:27 -0400


Started GET "/users/new" for ::1 at 2017-03-22 14:34:27 -0400
Processing by UsersController#new as HTML
  Rendered users/new.html.erb within layouts/application (0.2ms)
Completed 200 OK in 48ms (Views: 47.0ms | ActiveRecord: 0.0ms)


Started GET "/assets/cat_rental_requests.css?body=1" for ::1 at 2017-03-22 14:34:27 -0400


Started GET "/assets/application.css?body=1" for ::1 at 2017-03-22 14:34:27 -0400


Started GET "/assets/cats.css?body=1" for ::1 at 2017-03-22 14:34:27 -0400


Started GET "/users/new" for ::1 at 2017-03-22 14:34:27 -0400
Processing by UsersController#new as HTML
  Rendered users/new.html.erb within layouts/application (0.1ms)
Completed 200 OK in 45ms (Views: 44.5ms | ActiveRecord: 0.0ms)


Started GET "/assets/cat_rental_requests.css?body=1" for ::1 at 2017-03-22 14:34:28 -0400


Started GET "/assets/application.css?body=1" for ::1 at 2017-03-22 14:34:28 -0400


Started GET "/assets/cats.css?body=1" for ::1 at 2017-03-22 14:34:28 -0400


Started POST "/users" for ::1 at 2017-03-22 14:34:36 -0400
Processing by UsersController#create as HTML
  Parameters: {"user"=>{"username"=>"meowth", "password"=>"[FILTERED]"}}
Completed 500 Internal Server Error in 81ms (ActiveRecord: 35.2ms)

NameError - uninitialized constant User::BCrypt:
  activesupport (4.2.8) lib/active_support/dependencies.rb:533:in `load_missing_constant'
  activesupport (4.2.8) lib/active_support/dependencies.rb:184:in `const_missing'
   () Users/appacademy/Desktop/aACoursework/W4D3/skeleton/app/models/user.rb:36:in `password='
  activerecord (4.2.8) lib/active_record/attribute_assignment.rb:54:in `_assign_attribute'
  activerecord (4.2.8) lib/active_record/attribute_assignment.rb:41:in `block in assign_attributes'
  actionpack (4.2.8) lib/action_controller/metal/strong_parameters.rb:185:in `each_pair'
  activerecord (4.2.8) lib/active_record/attribute_assignment.rb:35:in `assign_attributes'
  activerecord (4.2.8) lib/active_record/core.rb:566:in `init_attributes'
  activerecord (4.2.8) lib/active_record/core.rb:281:in `initialize'
  activerecord (4.2.8) lib/active_record/inheritance.rb:61:in `new'
   () Users/appacademy/Desktop/aACoursework/W4D3/skeleton/app/controllers/users_controller.rb:8:in `create'
  actionpack (4.2.8) lib/action_controller/metal/implicit_render.rb:4:in `send_action'
  actionpack (4.2.8) lib/abstract_controller/base.rb:198:in `process_action'
  actionpack (4.2.8) lib/action_controller/metal/rendering.rb:10:in `process_action'
  actionpack (4.2.8) lib/abstract_controller/callbacks.rb:20:in `block in process_action'
  activesupport (4.2.8) lib/active_support/callbacks.rb:117:in `call'
  activesupport (4.2.8) lib/active_support/callbacks.rb:555:in `block (2 levels) in compile'
  activesupport (4.2.8) lib/active_support/callbacks.rb:505:in `call'
  activesupport (4.2.8) lib/active_support/callbacks.rb:92:in `__run_callbacks__'
  activesupport (4.2.8) lib/active_support/callbacks.rb:778:in `_run_process_action_callbacks'
  activesupport (4.2.8) lib/active_support/callbacks.rb:81:in `run_callbacks'
  actionpack (4.2.8) lib/abstract_controller/callbacks.rb:19:in `process_action'
  actionpack (4.2.8) lib/action_controller/metal/rescue.rb:29:in `process_action'
  actionpack (4.2.8) lib/action_controller/metal/instrumentation.rb:32:in `block in process_action'
  activesupport (4.2.8) lib/active_support/notifications.rb:164:in `block in instrument'
  activesupport (4.2.8) lib/active_support/notifications/instrumenter.rb:20:in `instrument'
  activesupport (4.2.8) lib/active_support/notifications.rb:164:in `instrument'
  actionpack (4.2.8) lib/action_controller/metal/instrumentation.rb:30:in `process_action'
  actionpack (4.2.8) lib/action_controller/metal/params_wrapper.rb:250:in `process_action'
  activerecord (4.2.8) lib/active_record/railties/controller_runtime.rb:18:in `process_action'
  actionpack (4.2.8) lib/abstract_controller/base.rb:137:in `process'
  actionview (4.2.8) lib/action_view/rendering.rb:30:in `process'
  actionpack (4.2.8) lib/action_controller/metal.rb:196:in `dispatch'
  actionpack (4.2.8) lib/action_controller/metal/rack_delegation.rb:13:in `dispatch'
  actionpack (4.2.8) lib/action_controller/metal.rb:237:in `block in action'
  actionpack (4.2.8) lib/action_dispatch/routing/route_set.rb:74:in `dispatch'
  actionpack (4.2.8) lib/action_dispatch/routing/route_set.rb:43:in `serve'
  actionpack (4.2.8) lib/action_dispatch/journey/router.rb:43:in `block in serve'
  actionpack (4.2.8) lib/action_dispatch/journey/router.rb:30:in `serve'
  actionpack (4.2.8) lib/action_dispatch/routing/route_set.rb:817:in `call'
  rack (1.6.5) lib/rack/etag.rb:24:in `call'
  rack (1.6.5) lib/rack/conditionalget.rb:38:in `call'
  rack (1.6.5) lib/rack/head.rb:13:in `call'
  actionpack (4.2.8) lib/action_dispatch/middleware/params_parser.rb:27:in `call'
  actionpack (4.2.8) lib/action_dispatch/middleware/flash.rb:260:in `call'
  rack (1.6.5) lib/rack/session/abstract/id.rb:225:in `context'
  rack (1.6.5) lib/rack/session/abstract/id.rb:220:in `call'
  actionpack (4.2.8) lib/action_dispatch/middleware/cookies.rb:560:in `call'
  activerecord (4.2.8) lib/active_record/query_cache.rb:36:in `call'
  activerecord (4.2.8) lib/active_record/connection_adapters/abstract/connection_pool.rb:653:in `call'
  activerecord (4.2.8) lib/active_record/migration.rb:377:in `call'
  actionpack (4.2.8) lib/action_dispatch/middleware/callbacks.rb:29:in `block in call'
  activesupport (4.2.8) lib/active_support/callbacks.rb:88:in `__run_callbacks__'
  activesupport (4.2.8) lib/active_support/callbacks.rb:778:in `_run_call_callbacks'
  activesupport (4.2.8) lib/active_support/callbacks.rb:81:in `run_callbacks'
  actionpack (4.2.8) lib/action_dispatch/middleware/callbacks.rb:27:in `call'
  actionpack (4.2.8) lib/action_dispatch/middleware/reloader.rb:73:in `call'
  actionpack (4.2.8) lib/action_dispatch/middleware/remote_ip.rb:78:in `call'
  better_errors (2.1.1) lib/better_errors/middleware.rb:84:in `protected_app_call'
  better_errors (2.1.1) lib/better_errors/middleware.rb:79:in `better_errors_call'
  better_errors (2.1.1) lib/better_errors/middleware.rb:57:in `call'
  actionpack (4.2.8) lib/action_dispatch/middleware/debug_exceptions.rb:17:in `call'
  actionpack (4.2.8) lib/action_dispatch/middleware/show_exceptions.rb:30:in `call'
  railties (4.2.8) lib/rails/rack/logger.rb:38:in `call_app'
  railties (4.2.8) lib/rails/rack/logger.rb:20:in `block in call'
  activesupport (4.2.8) lib/active_support/tagged_logging.rb:68:in `block in tagged'
  activesupport (4.2.8) lib/active_support/tagged_logging.rb:26:in `tagged'
  activesupport (4.2.8) lib/active_support/tagged_logging.rb:68:in `tagged'
  railties (4.2.8) lib/rails/rack/logger.rb:20:in `call'
  actionpack (4.2.8) lib/action_dispatch/middleware/request_id.rb:21:in `call'
  rack (1.6.5) lib/rack/methodoverride.rb:22:in `call'
  rack (1.6.5) lib/rack/runtime.rb:18:in `call'
  activesupport (4.2.8) lib/active_support/cache/strategy/local_cache_middleware.rb:28:in `call'
  rack (1.6.5) lib/rack/lock.rb:17:in `call'
  actionpack (4.2.8) lib/action_dispatch/middleware/static.rb:120:in `call'
  rack (1.6.5) lib/rack/sendfile.rb:113:in `call'
  railties (4.2.8) lib/rails/engine.rb:518:in `call'
  railties (4.2.8) lib/rails/application.rb:165:in `call'
  rack (1.6.5) lib/rack/lock.rb:17:in `call'
  rack (1.6.5) lib/rack/content_length.rb:15:in `call'
  rack (1.6.5) lib/rack/handler/webrick.rb:88:in `service'
   () usr/local/var/rbenv/versions/2.3.1/lib/ruby/2.3.0/webrick/httpserver.rb:140:in `service'
   () usr/local/var/rbenv/versions/2.3.1/lib/ruby/2.3.0/webrick/httpserver.rb:96:in `run'
   () usr/local/var/rbenv/versions/2.3.1/lib/ruby/2.3.0/webrick/server.rb:296:in `block in start_thread'



Started POST "/__better_errors/a9f0a89725db69e1/variables" for ::1 at 2017-03-22 14:34:36 -0400


Started POST "/users" for ::1 at 2017-03-22 14:36:00 -0400
Processing by UsersController#create as HTML
  Parameters: {"user"=>{"username"=>"meowth", "password"=>"[FILTERED]"}}
Completed 500 Internal Server Error in 10ms (ActiveRecord: 0.0ms)

NameError - uninitialized constant User::BCrypt:
  activesupport (4.2.8) lib/active_support/dependencies.rb:533:in `load_missing_constant'
  activesupport (4.2.8) lib/active_support/dependencies.rb:184:in `const_missing'
   () Users/appacademy/Desktop/aACoursework/W4D3/skeleton/app/models/user.rb:36:in `password='
  activerecord (4.2.8) lib/active_record/attribute_assignment.rb:54:in `_assign_attribute'
  activerecord (4.2.8) lib/active_record/attribute_assignment.rb:41:in `block in assign_attributes'
  actionpack (4.2.8) lib/action_controller/metal/strong_parameters.rb:185:in `each_pair'
  activerecord (4.2.8) lib/active_record/attribute_assignment.rb:35:in `assign_attributes'
  activerecord (4.2.8) lib/active_record/core.rb:566:in `init_attributes'
  activerecord (4.2.8) lib/active_record/core.rb:281:in `initialize'
  activerecord (4.2.8) lib/active_record/inheritance.rb:61:in `new'
   () Users/appacademy/Desktop/aACoursework/W4D3/skeleton/app/controllers/users_controller.rb:8:in `create'
  actionpack (4.2.8) lib/action_controller/metal/implicit_render.rb:4:in `send_action'
  actionpack (4.2.8) lib/abstract_controller/base.rb:198:in `process_action'
  actionpack (4.2.8) lib/action_controller/metal/rendering.rb:10:in `process_action'
  actionpack (4.2.8) lib/abstract_controller/callbacks.rb:20:in `block in process_action'
  activesupport (4.2.8) lib/active_support/callbacks.rb:117:in `call'
  activesupport (4.2.8) lib/active_support/callbacks.rb:555:in `block (2 levels) in compile'
  activesupport (4.2.8) lib/active_support/callbacks.rb:505:in `call'
  activesupport (4.2.8) lib/active_support/callbacks.rb:92:in `__run_callbacks__'
  activesupport (4.2.8) lib/active_support/callbacks.rb:778:in `_run_process_action_callbacks'
  activesupport (4.2.8) lib/active_support/callbacks.rb:81:in `run_callbacks'
  actionpack (4.2.8) lib/abstract_controller/callbacks.rb:19:in `process_action'
  actionpack (4.2.8) lib/action_controller/metal/rescue.rb:29:in `process_action'
  actionpack (4.2.8) lib/action_controller/metal/instrumentation.rb:32:in `block in process_action'
  activesupport (4.2.8) lib/active_support/notifications.rb:164:in `block in instrument'
  activesupport (4.2.8) lib/active_support/notifications/instrumenter.rb:20:in `instrument'
  activesupport (4.2.8) lib/active_support/notifications.rb:164:in `instrument'
  actionpack (4.2.8) lib/action_controller/metal/instrumentation.rb:30:in `process_action'
  actionpack (4.2.8) lib/action_controller/metal/params_wrapper.rb:250:in `process_action'
  activerecord (4.2.8) lib/active_record/railties/controller_runtime.rb:18:in `process_action'
  actionpack (4.2.8) lib/abstract_controller/base.rb:137:in `process'
  actionview (4.2.8) lib/action_view/rendering.rb:30:in `process'
  actionpack (4.2.8) lib/action_controller/metal.rb:196:in `dispatch'
  actionpack (4.2.8) lib/action_controller/metal/rack_delegation.rb:13:in `dispatch'
  actionpack (4.2.8) lib/action_controller/metal.rb:237:in `block in action'
  actionpack (4.2.8) lib/action_dispatch/routing/route_set.rb:74:in `dispatch'
  actionpack (4.2.8) lib/action_dispatch/routing/route_set.rb:43:in `serve'
  actionpack (4.2.8) lib/action_dispatch/journey/router.rb:43:in `block in serve'
  actionpack (4.2.8) lib/action_dispatch/journey/router.rb:30:in `serve'
  actionpack (4.2.8) lib/action_dispatch/routing/route_set.rb:817:in `call'
  rack (1.6.5) lib/rack/etag.rb:24:in `call'
  rack (1.6.5) lib/rack/conditionalget.rb:38:in `call'
  rack (1.6.5) lib/rack/head.rb:13:in `call'
  actionpack (4.2.8) lib/action_dispatch/middleware/params_parser.rb:27:in `call'
  actionpack (4.2.8) lib/action_dispatch/middleware/flash.rb:260:in `call'
  rack (1.6.5) lib/rack/session/abstract/id.rb:225:in `context'
  rack (1.6.5) lib/rack/session/abstract/id.rb:220:in `call'
  actionpack (4.2.8) lib/action_dispatch/middleware/cookies.rb:560:in `call'
  activerecord (4.2.8) lib/active_record/query_cache.rb:36:in `call'
  activerecord (4.2.8) lib/active_record/connection_adapters/abstract/connection_pool.rb:653:in `call'
  activerecord (4.2.8) lib/active_record/migration.rb:377:in `call'
  actionpack (4.2.8) lib/action_dispatch/middleware/callbacks.rb:29:in `block in call'
  activesupport (4.2.8) lib/active_support/callbacks.rb:88:in `__run_callbacks__'
  activesupport (4.2.8) lib/active_support/callbacks.rb:778:in `_run_call_callbacks'
  activesupport (4.2.8) lib/active_support/callbacks.rb:81:in `run_callbacks'
  actionpack (4.2.8) lib/action_dispatch/middleware/callbacks.rb:27:in `call'
  actionpack (4.2.8) lib/action_dispatch/middleware/reloader.rb:73:in `call'
  actionpack (4.2.8) lib/action_dispatch/middleware/remote_ip.rb:78:in `call'
  better_errors (2.1.1) lib/better_errors/middleware.rb:84:in `protected_app_call'
  better_errors (2.1.1) lib/better_errors/middleware.rb:79:in `better_errors_call'
  better_errors (2.1.1) lib/better_errors/middleware.rb:57:in `call'
  actionpack (4.2.8) lib/action_dispatch/middleware/debug_exceptions.rb:17:in `call'
  actionpack (4.2.8) lib/action_dispatch/middleware/show_exceptions.rb:30:in `call'
  railties (4.2.8) lib/rails/rack/logger.rb:38:in `call_app'
  railties (4.2.8) lib/rails/rack/logger.rb:20:in `block in call'
  activesupport (4.2.8) lib/active_support/tagged_logging.rb:68:in `block in tagged'
  activesupport (4.2.8) lib/active_support/tagged_logging.rb:26:in `tagged'
  activesupport (4.2.8) lib/active_support/tagged_logging.rb:68:in `tagged'
  railties (4.2.8) lib/rails/rack/logger.rb:20:in `call'
  actionpack (4.2.8) lib/action_dispatch/middleware/request_id.rb:21:in `call'
  rack (1.6.5) lib/rack/methodoverride.rb:22:in `call'
  rack (1.6.5) lib/rack/runtime.rb:18:in `call'
  activesupport (4.2.8) lib/active_support/cache/strategy/local_cache_middleware.rb:28:in `call'
  rack (1.6.5) lib/rack/lock.rb:17:in `call'
  actionpack (4.2.8) lib/action_dispatch/middleware/static.rb:120:in `call'
  rack (1.6.5) lib/rack/sendfile.rb:113:in `call'
  railties (4.2.8) lib/rails/engine.rb:518:in `call'
  railties (4.2.8) lib/rails/application.rb:165:in `call'
  rack (1.6.5) lib/rack/lock.rb:17:in `call'
  rack (1.6.5) lib/rack/content_length.rb:15:in `call'
  rack (1.6.5) lib/rack/handler/webrick.rb:88:in `service'
   () usr/local/var/rbenv/versions/2.3.1/lib/ruby/2.3.0/webrick/httpserver.rb:140:in `service'
   () usr/local/var/rbenv/versions/2.3.1/lib/ruby/2.3.0/webrick/httpserver.rb:96:in `run'
   () usr/local/var/rbenv/versions/2.3.1/lib/ruby/2.3.0/webrick/server.rb:296:in `block in start_thread'



Started POST "/__better_errors/a06b9aefa205ae15/variables" for ::1 at 2017-03-22 14:36:01 -0400


Started POST "/users" for ::1 at 2017-03-22 14:36:09 -0400
Processing by UsersController#create as HTML
  Parameters: {"user"=>{"username"=>"meowth", "password"=>"[FILTERED]"}}
Completed 500 Internal Server Error in 4ms (ActiveRecord: 0.0ms)

NameError - uninitialized constant User::BCrypt:
  activesupport (4.2.8) lib/active_support/dependencies.rb:533:in `load_missing_constant'
  activesupport (4.2.8) lib/active_support/dependencies.rb:184:in `const_missing'
   () Users/appacademy/Desktop/aACoursework/W4D3/skeleton/app/models/user.rb:36:in `password='
  activerecord (4.2.8) lib/active_record/attribute_assignment.rb:54:in `_assign_attribute'
  activerecord (4.2.8) lib/active_record/attribute_assignment.rb:41:in `block in assign_attributes'
  actionpack (4.2.8) lib/action_controller/metal/strong_parameters.rb:185:in `each_pair'
  activerecord (4.2.8) lib/active_record/attribute_assignment.rb:35:in `assign_attributes'
  activerecord (4.2.8) lib/active_record/core.rb:566:in `init_attributes'
  activerecord (4.2.8) lib/active_record/core.rb:281:in `initialize'
  activerecord (4.2.8) lib/active_record/inheritance.rb:61:in `new'
   () Users/appacademy/Desktop/aACoursework/W4D3/skeleton/app/controllers/users_controller.rb:8:in `create'
  actionpack (4.2.8) lib/action_controller/metal/implicit_render.rb:4:in `send_action'
  actionpack (4.2.8) lib/abstract_controller/base.rb:198:in `process_action'
  actionpack (4.2.8) lib/action_controller/metal/rendering.rb:10:in `process_action'
  actionpack (4.2.8) lib/abstract_controller/callbacks.rb:20:in `block in process_action'
  activesupport (4.2.8) lib/active_support/callbacks.rb:117:in `call'
  activesupport (4.2.8) lib/active_support/callbacks.rb:555:in `block (2 levels) in compile'
  activesupport (4.2.8) lib/active_support/callbacks.rb:505:in `call'
  activesupport (4.2.8) lib/active_support/callbacks.rb:92:in `__run_callbacks__'
  activesupport (4.2.8) lib/active_support/callbacks.rb:778:in `_run_process_action_callbacks'
  activesupport (4.2.8) lib/active_support/callbacks.rb:81:in `run_callbacks'
  actionpack (4.2.8) lib/abstract_controller/callbacks.rb:19:in `process_action'
  actionpack (4.2.8) lib/action_controller/metal/rescue.rb:29:in `process_action'
  actionpack (4.2.8) lib/action_controller/metal/instrumentation.rb:32:in `block in process_action'
  activesupport (4.2.8) lib/active_support/notifications.rb:164:in `block in instrument'
  activesupport (4.2.8) lib/active_support/notifications/instrumenter.rb:20:in `instrument'
  activesupport (4.2.8) lib/active_support/notifications.rb:164:in `instrument'
  actionpack (4.2.8) lib/action_controller/metal/instrumentation.rb:30:in `process_action'
  actionpack (4.2.8) lib/action_controller/metal/params_wrapper.rb:250:in `process_action'
  activerecord (4.2.8) lib/active_record/railties/controller_runtime.rb:18:in `process_action'
  actionpack (4.2.8) lib/abstract_controller/base.rb:137:in `process'
  actionview (4.2.8) lib/action_view/rendering.rb:30:in `process'
  actionpack (4.2.8) lib/action_controller/metal.rb:196:in `dispatch'
  actionpack (4.2.8) lib/action_controller/metal/rack_delegation.rb:13:in `dispatch'
  actionpack (4.2.8) lib/action_controller/metal.rb:237:in `block in action'
  actionpack (4.2.8) lib/action_dispatch/routing/route_set.rb:74:in `dispatch'
  actionpack (4.2.8) lib/action_dispatch/routing/route_set.rb:43:in `serve'
  actionpack (4.2.8) lib/action_dispatch/journey/router.rb:43:in `block in serve'
  actionpack (4.2.8) lib/action_dispatch/journey/router.rb:30:in `serve'
  actionpack (4.2.8) lib/action_dispatch/routing/route_set.rb:817:in `call'
  rack (1.6.5) lib/rack/etag.rb:24:in `call'
  rack (1.6.5) lib/rack/conditionalget.rb:38:in `call'
  rack (1.6.5) lib/rack/head.rb:13:in `call'
  actionpack (4.2.8) lib/action_dispatch/middleware/params_parser.rb:27:in `call'
  actionpack (4.2.8) lib/action_dispatch/middleware/flash.rb:260:in `call'
  rack (1.6.5) lib/rack/session/abstract/id.rb:225:in `context'
  rack (1.6.5) lib/rack/session/abstract/id.rb:220:in `call'
  actionpack (4.2.8) lib/action_dispatch/middleware/cookies.rb:560:in `call'
  activerecord (4.2.8) lib/active_record/query_cache.rb:36:in `call'
  activerecord (4.2.8) lib/active_record/connection_adapters/abstract/connection_pool.rb:653:in `call'
  activerecord (4.2.8) lib/active_record/migration.rb:377:in `call'
  actionpack (4.2.8) lib/action_dispatch/middleware/callbacks.rb:29:in `block in call'
  activesupport (4.2.8) lib/active_support/callbacks.rb:88:in `__run_callbacks__'
  activesupport (4.2.8) lib/active_support/callbacks.rb:778:in `_run_call_callbacks'
  activesupport (4.2.8) lib/active_support/callbacks.rb:81:in `run_callbacks'
  actionpack (4.2.8) lib/action_dispatch/middleware/callbacks.rb:27:in `call'
  actionpack (4.2.8) lib/action_dispatch/middleware/reloader.rb:73:in `call'
  actionpack (4.2.8) lib/action_dispatch/middleware/remote_ip.rb:78:in `call'
  better_errors (2.1.1) lib/better_errors/middleware.rb:84:in `protected_app_call'
  better_errors (2.1.1) lib/better_errors/middleware.rb:79:in `better_errors_call'
  better_errors (2.1.1) lib/better_errors/middleware.rb:57:in `call'
  actionpack (4.2.8) lib/action_dispatch/middleware/debug_exceptions.rb:17:in `call'
  actionpack (4.2.8) lib/action_dispatch/middleware/show_exceptions.rb:30:in `call'
  railties (4.2.8) lib/rails/rack/logger.rb:38:in `call_app'
  railties (4.2.8) lib/rails/rack/logger.rb:20:in `block in call'
  activesupport (4.2.8) lib/active_support/tagged_logging.rb:68:in `block in tagged'
  activesupport (4.2.8) lib/active_support/tagged_logging.rb:26:in `tagged'
  activesupport (4.2.8) lib/active_support/tagged_logging.rb:68:in `tagged'
  railties (4.2.8) lib/rails/rack/logger.rb:20:in `call'
  actionpack (4.2.8) lib/action_dispatch/middleware/request_id.rb:21:in `call'
  rack (1.6.5) lib/rack/methodoverride.rb:22:in `call'
  rack (1.6.5) lib/rack/runtime.rb:18:in `call'
  activesupport (4.2.8) lib/active_support/cache/strategy/local_cache_middleware.rb:28:in `call'
  rack (1.6.5) lib/rack/lock.rb:17:in `call'
  actionpack (4.2.8) lib/action_dispatch/middleware/static.rb:120:in `call'
  rack (1.6.5) lib/rack/sendfile.rb:113:in `call'
  railties (4.2.8) lib/rails/engine.rb:518:in `call'
  railties (4.2.8) lib/rails/application.rb:165:in `call'
  rack (1.6.5) lib/rack/lock.rb:17:in `call'
  rack (1.6.5) lib/rack/content_length.rb:15:in `call'
  rack (1.6.5) lib/rack/handler/webrick.rb:88:in `service'
   () usr/local/var/rbenv/versions/2.3.1/lib/ruby/2.3.0/webrick/httpserver.rb:140:in `service'
   () usr/local/var/rbenv/versions/2.3.1/lib/ruby/2.3.0/webrick/httpserver.rb:96:in `run'
   () usr/local/var/rbenv/versions/2.3.1/lib/ruby/2.3.0/webrick/server.rb:296:in `block in start_thread'



Started POST "/__better_errors/4df0dc20e9787f37/variables" for ::1 at 2017-03-22 14:36:09 -0400


Started GET "/cats" for ::1 at 2017-03-22 14:37:01 -0400
  [1m[36mActiveRecord::SchemaMigration Load (0.6ms)[0m  [1mSELECT "schema_migrations".* FROM "schema_migrations"[0m
Processing by CatsController#index as HTML
  [1m[35mCat Load (11.9ms)[0m  SELECT "cats".* FROM "cats"
  Rendered cats/index.html.erb within layouts/application (16.5ms)
Completed 200 OK in 244ms (Views: 189.9ms | ActiveRecord: 13.0ms)


Started GET "/assets/cats.css?body=1" for ::1 at 2017-03-22 14:37:02 -0400


Started GET "/assets/cat_rental_requests.css?body=1" for ::1 at 2017-03-22 14:37:02 -0400


Started GET "/assets/application.css?body=1" for ::1 at 2017-03-22 14:37:02 -0400


Started GET "/assets/jquery.js?body=1" for ::1 at 2017-03-22 14:37:02 -0400


Started GET "/assets/turbolinks.js?body=1" for ::1 at 2017-03-22 14:37:02 -0400


Started GET "/assets/jquery_ujs.js?body=1" for ::1 at 2017-03-22 14:37:02 -0400


Started GET "/assets/cat_rental_requests.js?body=1" for ::1 at 2017-03-22 14:37:02 -0400


Started GET "/assets/application.js?body=1" for ::1 at 2017-03-22 14:37:02 -0400


Started GET "/assets/cats.js?body=1" for ::1 at 2017-03-22 14:37:02 -0400


Started GET "/" for ::1 at 2017-03-22 14:37:03 -0400


Started GET "/cats" for ::1 at 2017-03-22 14:37:03 -0400
Processing by CatsController#index as HTML
  [1m[36mCat Load (0.5ms)[0m  [1mSELECT "cats".* FROM "cats"[0m
  Rendered cats/index.html.erb within layouts/application (1.2ms)
Completed 200 OK in 53ms (Views: 52.2ms | ActiveRecord: 0.5ms)


Started GET "/assets/cat_rental_requests.css?body=1" for ::1 at 2017-03-22 14:37:03 -0400


Started GET "/assets/cats.css?body=1" for ::1 at 2017-03-22 14:37:03 -0400


Started GET "/assets/jquery_ujs.js?body=1" for ::1 at 2017-03-22 14:37:03 -0400


Started GET "/assets/application.css?body=1" for ::1 at 2017-03-22 14:37:03 -0400


Started GET "/assets/jquery.js?body=1" for ::1 at 2017-03-22 14:37:03 -0400


Started GET "/assets/turbolinks.js?body=1" for ::1 at 2017-03-22 14:37:03 -0400


Started GET "/assets/cat_rental_requests.js?body=1" for ::1 at 2017-03-22 14:37:03 -0400


Started GET "/assets/cats.js?body=1" for ::1 at 2017-03-22 14:37:03 -0400


Started GET "/assets/application.js?body=1" for ::1 at 2017-03-22 14:37:03 -0400


Started GET "/users/new" for ::1 at 2017-03-22 14:37:16 -0400
Processing by UsersController#new as HTML
  Rendered users/new.html.erb within layouts/application (0.5ms)
Completed 200 OK in 70ms (Views: 69.3ms | ActiveRecord: 0.0ms)


Started GET "/assets/cat_rental_requests.css?body=1" for ::1 at 2017-03-22 14:37:16 -0400


Started GET "/assets/jquery.js?body=1" for ::1 at 2017-03-22 14:37:16 -0400


Started GET "/assets/jquery_ujs.js?body=1" for ::1 at 2017-03-22 14:37:16 -0400


Started GET "/assets/cats.css?body=1" for ::1 at 2017-03-22 14:37:16 -0400


Started GET "/assets/application.css?body=1" for ::1 at 2017-03-22 14:37:16 -0400


Started GET "/assets/turbolinks.js?body=1" for ::1 at 2017-03-22 14:37:16 -0400


Started GET "/assets/cat_rental_requests.js?body=1" for ::1 at 2017-03-22 14:37:16 -0400


Started GET "/assets/cats.js?body=1" for ::1 at 2017-03-22 14:37:16 -0400


Started GET "/assets/application.js?body=1" for ::1 at 2017-03-22 14:37:16 -0400


Started POST "/users" for ::1 at 2017-03-22 14:37:29 -0400
Processing by UsersController#create as HTML
  Parameters: {"user"=>{"username"=>"meowth", "password"=>"[FILTERED]"}}
  [1m[35m (0.2ms)[0m  BEGIN
  [1m[36mUser Exists (32.9ms)[0m  [1mSELECT  1 AS one FROM "users" WHERE "users"."username" = 'meowth' LIMIT 1[0m
  [1m[35mUser Exists (0.4ms)[0m  SELECT  1 AS one FROM "users" WHERE "users"."session_token" = 'rWKevGYJ36N8-YRXCG-3vA' LIMIT 1
  [1m[36mSQL (22.9ms)[0m  [1mINSERT INTO "users" ("username", "password_digest", "session_token", "created_at", "updated_at") VALUES ($1, $2, $3, $4, $5) RETURNING "id"[0m  [["username", "meowth"], ["password_digest", "$2a$10$oA.D7I87kuVM/hrUpfMDHenkgoQm2751TkZDtD.igyqd0ot3K5qhS"], ["session_token", "rWKevGYJ36N8-YRXCG-3vA"], ["created_at", "2017-03-22 18:37:29.541147"], ["updated_at", "2017-03-22 18:37:29.541147"]]
  [1m[35m (0.5ms)[0m  COMMIT
Redirected to http://localhost:3000/cats
Completed 302 Found in 192ms (ActiveRecord: 61.6ms)


Started GET "/cats" for ::1 at 2017-03-22 14:37:29 -0400
Processing by CatsController#index as HTML
  [1m[36mCat Load (0.4ms)[0m  [1mSELECT "cats".* FROM "cats"[0m
  Rendered cats/index.html.erb within layouts/application (1.3ms)
Completed 200 OK in 45ms (Views: 44.4ms | ActiveRecord: 0.4ms)


Started GET "/assets/cat_rental_requests.css?body=1" for ::1 at 2017-03-22 14:37:29 -0400


Started GET "/assets/cats.css?body=1" for ::1 at 2017-03-22 14:37:29 -0400


Started GET "/assets/jquery.js?body=1" for ::1 at 2017-03-22 14:37:29 -0400


Started GET "/assets/turbolinks.js?body=1" for ::1 at 2017-03-22 14:37:29 -0400


Started GET "/assets/application.css?body=1" for ::1 at 2017-03-22 14:37:29 -0400


Started GET "/assets/jquery_ujs.js?body=1" for ::1 at 2017-03-22 14:37:29 -0400


Started GET "/assets/cat_rental_requests.js?body=1" for ::1 at 2017-03-22 14:37:29 -0400


Started GET "/assets/cats.js?body=1" for ::1 at 2017-03-22 14:37:29 -0400


Started GET "/assets/application.js?body=1" for ::1 at 2017-03-22 14:37:29 -0400
  [1m[36mUser Load (0.9ms)[0m  [1mSELECT "users".* FROM "users"[0m


Started GET "/sessions/new" for ::1 at 2017-03-22 14:44:37 -0400

ActionController::RoutingError (No route matches [GET] "/sessions/new"):
  actionpack (4.2.8) lib/action_dispatch/middleware/debug_exceptions.rb:21:in `call'
  actionpack (4.2.8) lib/action_dispatch/middleware/show_exceptions.rb:30:in `call'
  railties (4.2.8) lib/rails/rack/logger.rb:38:in `call_app'
  railties (4.2.8) lib/rails/rack/logger.rb:20:in `block in call'
  activesupport (4.2.8) lib/active_support/tagged_logging.rb:68:in `block in tagged'
  activesupport (4.2.8) lib/active_support/tagged_logging.rb:26:in `tagged'
  activesupport (4.2.8) lib/active_support/tagged_logging.rb:68:in `tagged'
  railties (4.2.8) lib/rails/rack/logger.rb:20:in `call'
  actionpack (4.2.8) lib/action_dispatch/middleware/request_id.rb:21:in `call'
  rack (1.6.5) lib/rack/methodoverride.rb:22:in `call'
  rack (1.6.5) lib/rack/runtime.rb:18:in `call'
  activesupport (4.2.8) lib/active_support/cache/strategy/local_cache_middleware.rb:28:in `call'
  rack (1.6.5) lib/rack/lock.rb:17:in `call'
  actionpack (4.2.8) lib/action_dispatch/middleware/static.rb:120:in `call'
  rack (1.6.5) lib/rack/sendfile.rb:113:in `call'
  railties (4.2.8) lib/rails/engine.rb:518:in `call'
  railties (4.2.8) lib/rails/application.rb:165:in `call'
  rack (1.6.5) lib/rack/lock.rb:17:in `call'
  rack (1.6.5) lib/rack/content_length.rb:15:in `call'
  rack (1.6.5) lib/rack/handler/webrick.rb:88:in `service'
  /usr/local/var/rbenv/versions/2.3.1/lib/ruby/2.3.0/webrick/httpserver.rb:140:in `service'
  /usr/local/var/rbenv/versions/2.3.1/lib/ruby/2.3.0/webrick/httpserver.rb:96:in `run'
  /usr/local/var/rbenv/versions/2.3.1/lib/ruby/2.3.0/webrick/server.rb:296:in `block in start_thread'


  Rendered /usr/local/var/rbenv/versions/2.3.1/lib/ruby/gems/2.3.0/gems/actionpack-4.2.8/lib/action_dispatch/middleware/templates/rescues/_trace.html.erb (2.0ms)
  Rendered /usr/local/var/rbenv/versions/2.3.1/lib/ruby/gems/2.3.0/gems/actionpack-4.2.8/lib/action_dispatch/middleware/templates/routes/_route.html.erb (1.7ms)
  Rendered /usr/local/var/rbenv/versions/2.3.1/lib/ruby/gems/2.3.0/gems/actionpack-4.2.8/lib/action_dispatch/middleware/templates/routes/_table.html.erb (10.1ms)
  Rendered /usr/local/var/rbenv/versions/2.3.1/lib/ruby/gems/2.3.0/gems/actionpack-4.2.8/lib/action_dispatch/middleware/templates/rescues/_request_and_response.html.erb (1.5ms)
  Rendered /usr/local/var/rbenv/versions/2.3.1/lib/ruby/gems/2.3.0/gems/actionpack-4.2.8/lib/action_dispatch/middleware/templates/rescues/routing_error.html.erb within rescues/layout (115.8ms)


Started GET "/session/new" for ::1 at 2017-03-22 14:44:47 -0400
Processing by SessionsController#new as HTML
  Rendered sessions/new.html.erb within layouts/application (1.2ms)
Completed 200 OK in 78ms (Views: 76.9ms | ActiveRecord: 0.0ms)


Started GET "/assets/cat_rental_requests.css?body=1" for ::1 at 2017-03-22 14:44:47 -0400


Started GET "/assets/cats.css?body=1" for ::1 at 2017-03-22 14:44:47 -0400


Started GET "/assets/application.css?body=1" for ::1 at 2017-03-22 14:44:47 -0400


Started POST "/users" for ::1 at 2017-03-22 14:44:53 -0400
Processing by UsersController#create as HTML
  Parameters: {"user"=>{"username"=>"sadf", "password"=>"[FILTERED]"}}
  [1m[35m (0.2ms)[0m  BEGIN
  [1m[36mUser Exists (0.9ms)[0m  [1mSELECT  1 AS one FROM "users" WHERE "users"."username" = 'sadf' LIMIT 1[0m
  [1m[35mUser Exists (0.8ms)[0m  SELECT  1 AS one FROM "users" WHERE "users"."session_token" = 'alvAg2a-4YiCwC9fvNsoug' LIMIT 1
  [1m[36m (0.3ms)[0m  [1mROLLBACK[0m
Completed 422 Unprocessable Entity in 172ms (ActiveRecord: 7.0ms)

ActiveRecord::RecordInvalid - Validation failed: Password is too short (minimum is 6 characters):
  activerecord (4.2.8) lib/active_record/validations.rb:79:in `raise_record_invalid'
  activerecord (4.2.8) lib/active_record/validations.rb:43:in `save!'
  activerecord (4.2.8) lib/active_record/attribute_methods/dirty.rb:29:in `save!'
  activerecord (4.2.8) lib/active_record/transactions.rb:291:in `block in save!'
  activerecord (4.2.8) lib/active_record/transactions.rb:351:in `block in with_transaction_returning_status'
  activerecord (4.2.8) lib/active_record/connection_adapters/abstract/database_statements.rb:213:in `block in transaction'
  activerecord (4.2.8) lib/active_record/connection_adapters/abstract/transaction.rb:184:in `within_new_transaction'
  activerecord (4.2.8) lib/active_record/connection_adapters/abstract/database_statements.rb:213:in `transaction'
  activerecord (4.2.8) lib/active_record/transactions.rb:220:in `transaction'
  activerecord (4.2.8) lib/active_record/transactions.rb:348:in `with_transaction_returning_status'
  activerecord (4.2.8) lib/active_record/transactions.rb:291:in `save!'
  app/controllers/users_controller.rb:10:in `create'
  actionpack (4.2.8) lib/action_controller/metal/implicit_render.rb:4:in `send_action'
  actionpack (4.2.8) lib/abstract_controller/base.rb:198:in `process_action'
  actionpack (4.2.8) lib/action_controller/metal/rendering.rb:10:in `process_action'
  actionpack (4.2.8) lib/abstract_controller/callbacks.rb:20:in `block in process_action'
  activesupport (4.2.8) lib/active_support/callbacks.rb:117:in `call'
  activesupport (4.2.8) lib/active_support/callbacks.rb:555:in `block (2 levels) in compile'
  activesupport (4.2.8) lib/active_support/callbacks.rb:505:in `call'
  activesupport (4.2.8) lib/active_support/callbacks.rb:92:in `__run_callbacks__'
  activesupport (4.2.8) lib/active_support/callbacks.rb:778:in `_run_process_action_callbacks'
  activesupport (4.2.8) lib/active_support/callbacks.rb:81:in `run_callbacks'
  actionpack (4.2.8) lib/abstract_controller/callbacks.rb:19:in `process_action'
  actionpack (4.2.8) lib/action_controller/metal/rescue.rb:29:in `process_action'
  actionpack (4.2.8) lib/action_controller/metal/instrumentation.rb:32:in `block in process_action'
  activesupport (4.2.8) lib/active_support/notifications.rb:164:in `block in instrument'
  activesupport (4.2.8) lib/active_support/notifications/instrumenter.rb:20:in `instrument'
  activesupport (4.2.8) lib/active_support/notifications.rb:164:in `instrument'
  actionpack (4.2.8) lib/action_controller/metal/instrumentation.rb:30:in `process_action'
  actionpack (4.2.8) lib/action_controller/metal/params_wrapper.rb:250:in `process_action'
  activerecord (4.2.8) lib/active_record/railties/controller_runtime.rb:18:in `process_action'
  actionpack (4.2.8) lib/abstract_controller/base.rb:137:in `process'
  actionview (4.2.8) lib/action_view/rendering.rb:30:in `process'
  actionpack (4.2.8) lib/action_controller/metal.rb:196:in `dispatch'
  actionpack (4.2.8) lib/action_controller/metal/rack_delegation.rb:13:in `dispatch'
  actionpack (4.2.8) lib/action_controller/metal.rb:237:in `block in action'
  actionpack (4.2.8) lib/action_dispatch/routing/route_set.rb:74:in `dispatch'
  actionpack (4.2.8) lib/action_dispatch/routing/route_set.rb:43:in `serve'
  actionpack (4.2.8) lib/action_dispatch/journey/router.rb:43:in `block in serve'
  actionpack (4.2.8) lib/action_dispatch/journey/router.rb:30:in `serve'
  actionpack (4.2.8) lib/action_dispatch/routing/route_set.rb:817:in `call'
  rack (1.6.5) lib/rack/etag.rb:24:in `call'
  rack (1.6.5) lib/rack/conditionalget.rb:38:in `call'
  rack (1.6.5) lib/rack/head.rb:13:in `call'
  actionpack (4.2.8) lib/action_dispatch/middleware/params_parser.rb:27:in `call'
  actionpack (4.2.8) lib/action_dispatch/middleware/flash.rb:260:in `call'
  rack (1.6.5) lib/rack/session/abstract/id.rb:225:in `context'
  rack (1.6.5) lib/rack/session/abstract/id.rb:220:in `call'
  actionpack (4.2.8) lib/action_dispatch/middleware/cookies.rb:560:in `call'
  activerecord (4.2.8) lib/active_record/query_cache.rb:36:in `call'
  activerecord (4.2.8) lib/active_record/connection_adapters/abstract/connection_pool.rb:653:in `call'
  activerecord (4.2.8) lib/active_record/migration.rb:377:in `call'
  actionpack (4.2.8) lib/action_dispatch/middleware/callbacks.rb:29:in `block in call'
  activesupport (4.2.8) lib/active_support/callbacks.rb:88:in `__run_callbacks__'
  activesupport (4.2.8) lib/active_support/callbacks.rb:778:in `_run_call_callbacks'
  activesupport (4.2.8) lib/active_support/callbacks.rb:81:in `run_callbacks'
  actionpack (4.2.8) lib/action_dispatch/middleware/callbacks.rb:27:in `call'
  actionpack (4.2.8) lib/action_dispatch/middleware/reloader.rb:73:in `call'
  actionpack (4.2.8) lib/action_dispatch/middleware/remote_ip.rb:78:in `call'
  better_errors (2.1.1) lib/better_errors/middleware.rb:84:in `protected_app_call'
  better_errors (2.1.1) lib/better_errors/middleware.rb:79:in `better_errors_call'
  better_errors (2.1.1) lib/better_errors/middleware.rb:57:in `call'
  actionpack (4.2.8) lib/action_dispatch/middleware/debug_exceptions.rb:17:in `call'
  actionpack (4.2.8) lib/action_dispatch/middleware/show_exceptions.rb:30:in `call'
  railties (4.2.8) lib/rails/rack/logger.rb:38:in `call_app'
  railties (4.2.8) lib/rails/rack/logger.rb:20:in `block in call'
  activesupport (4.2.8) lib/active_support/tagged_logging.rb:68:in `block in tagged'
  activesupport (4.2.8) lib/active_support/tagged_logging.rb:26:in `tagged'
  activesupport (4.2.8) lib/active_support/tagged_logging.rb:68:in `tagged'
  railties (4.2.8) lib/rails/rack/logger.rb:20:in `call'
  actionpack (4.2.8) lib/action_dispatch/middleware/request_id.rb:21:in `call'
  rack (1.6.5) lib/rack/methodoverride.rb:22:in `call'
  rack (1.6.5) lib/rack/runtime.rb:18:in `call'
  activesupport (4.2.8) lib/active_support/cache/strategy/local_cache_middleware.rb:28:in `call'
  rack (1.6.5) lib/rack/lock.rb:17:in `call'
  actionpack (4.2.8) lib/action_dispatch/middleware/static.rb:120:in `call'
  rack (1.6.5) lib/rack/sendfile.rb:113:in `call'
  railties (4.2.8) lib/rails/engine.rb:518:in `call'
  railties (4.2.8) lib/rails/application.rb:165:in `call'
  rack (1.6.5) lib/rack/lock.rb:17:in `call'
  rack (1.6.5) lib/rack/content_length.rb:15:in `call'
  rack (1.6.5) lib/rack/handler/webrick.rb:88:in `service'
  /usr/local/var/rbenv/versions/2.3.1/lib/ruby/2.3.0/webrick/httpserver.rb:140:in `service'
  /usr/local/var/rbenv/versions/2.3.1/lib/ruby/2.3.0/webrick/httpserver.rb:96:in `run'
  /usr/local/var/rbenv/versions/2.3.1/lib/ruby/2.3.0/webrick/server.rb:296:in `block in start_thread'



Started POST "/__better_errors/3a21ebf8ab061484/variables" for ::1 at 2017-03-22 14:44:53 -0400


Started POST "/users" for ::1 at 2017-03-22 14:45:05 -0400
Processing by UsersController#create as HTML
  Parameters: {"user"=>{"username"=>"sadf", "password"=>"[FILTERED]"}}
  [1m[35m (0.3ms)[0m  BEGIN
  [1m[36mUser Exists (0.5ms)[0m  [1mSELECT  1 AS one FROM "users" WHERE "users"."username" = 'sadf' LIMIT 1[0m
  [1m[35mUser Exists (0.4ms)[0m  SELECT  1 AS one FROM "users" WHERE "users"."session_token" = 'JY-k1C3dtiCrwif-ESNoRA' LIMIT 1
  [1m[36mSQL (0.5ms)[0m  [1mINSERT INTO "users" ("username", "password_digest", "session_token", "created_at", "updated_at") VALUES ($1, $2, $3, $4, $5) RETURNING "id"[0m  [["username", "sadf"], ["password_digest", "$2a$10$21G2hE/gIex1sntunlBYq.1yNtg9Wj9zAsHBigwMvYoLCq.eL4oyy"], ["session_token", "JY-k1C3dtiCrwif-ESNoRA"], ["created_at", "2017-03-22 18:45:05.697230"], ["updated_at", "2017-03-22 18:45:05.697230"]]
  [1m[35m (0.6ms)[0m  COMMIT
Redirected to http://localhost:3000/cats
Completed 302 Found in 91ms (ActiveRecord: 2.3ms)


Started GET "/cats" for ::1 at 2017-03-22 14:45:05 -0400
Processing by CatsController#index as HTML
  [1m[36mCat Load (0.5ms)[0m  [1mSELECT "cats".* FROM "cats"[0m
  Rendered cats/index.html.erb within layouts/application (2.8ms)
Completed 200 OK in 52ms (Views: 46.8ms | ActiveRecord: 1.6ms)


Started GET "/assets/cat_rental_requests.css?body=1" for ::1 at 2017-03-22 14:45:05 -0400


Started GET "/assets/cats.css?body=1" for ::1 at 2017-03-22 14:45:05 -0400


Started GET "/assets/application.css?body=1" for ::1 at 2017-03-22 14:45:05 -0400


Started POST "/users" for ::1 at 2017-03-22 14:45:13 -0400
Processing by UsersController#create as HTML
  Parameters: {"user"=>{"username"=>"sadf", "password"=>"[FILTERED]"}}
  [1m[35m (0.2ms)[0m  BEGIN
  [1m[36mUser Exists (44.1ms)[0m  [1mSELECT  1 AS one FROM "users" WHERE "users"."username" = 'sadf' LIMIT 1[0m
  [1m[35mUser Exists (0.5ms)[0m  SELECT  1 AS one FROM "users" WHERE "users"."session_token" = 'dq-ZtAUTYaJ07e31ULoVbA' LIMIT 1
  [1m[36m (0.3ms)[0m  [1mROLLBACK[0m
Completed 422 Unprocessable Entity in 137ms (ActiveRecord: 45.1ms)

ActiveRecord::RecordInvalid - Validation failed: Username has already been taken, Password is too short (minimum is 6 characters):
  activerecord (4.2.8) lib/active_record/validations.rb:79:in `raise_record_invalid'
  activerecord (4.2.8) lib/active_record/validations.rb:43:in `save!'
  activerecord (4.2.8) lib/active_record/attribute_methods/dirty.rb:29:in `save!'
  activerecord (4.2.8) lib/active_record/transactions.rb:291:in `block in save!'
  activerecord (4.2.8) lib/active_record/transactions.rb:351:in `block in with_transaction_returning_status'
  activerecord (4.2.8) lib/active_record/connection_adapters/abstract/database_statements.rb:213:in `block in transaction'
  activerecord (4.2.8) lib/active_record/connection_adapters/abstract/transaction.rb:184:in `within_new_transaction'
  activerecord (4.2.8) lib/active_record/connection_adapters/abstract/database_statements.rb:213:in `transaction'
  activerecord (4.2.8) lib/active_record/transactions.rb:220:in `transaction'
  activerecord (4.2.8) lib/active_record/transactions.rb:348:in `with_transaction_returning_status'
  activerecord (4.2.8) lib/active_record/transactions.rb:291:in `save!'
  app/controllers/users_controller.rb:10:in `create'
  actionpack (4.2.8) lib/action_controller/metal/implicit_render.rb:4:in `send_action'
  actionpack (4.2.8) lib/abstract_controller/base.rb:198:in `process_action'
  actionpack (4.2.8) lib/action_controller/metal/rendering.rb:10:in `process_action'
  actionpack (4.2.8) lib/abstract_controller/callbacks.rb:20:in `block in process_action'
  activesupport (4.2.8) lib/active_support/callbacks.rb:117:in `call'
  activesupport (4.2.8) lib/active_support/callbacks.rb:555:in `block (2 levels) in compile'
  activesupport (4.2.8) lib/active_support/callbacks.rb:505:in `call'
  activesupport (4.2.8) lib/active_support/callbacks.rb:92:in `__run_callbacks__'
  activesupport (4.2.8) lib/active_support/callbacks.rb:778:in `_run_process_action_callbacks'
  activesupport (4.2.8) lib/active_support/callbacks.rb:81:in `run_callbacks'
  actionpack (4.2.8) lib/abstract_controller/callbacks.rb:19:in `process_action'
  actionpack (4.2.8) lib/action_controller/metal/rescue.rb:29:in `process_action'
  actionpack (4.2.8) lib/action_controller/metal/instrumentation.rb:32:in `block in process_action'
  activesupport (4.2.8) lib/active_support/notifications.rb:164:in `block in instrument'
  activesupport (4.2.8) lib/active_support/notifications/instrumenter.rb:20:in `instrument'
  activesupport (4.2.8) lib/active_support/notifications.rb:164:in `instrument'
  actionpack (4.2.8) lib/action_controller/metal/instrumentation.rb:30:in `process_action'
  actionpack (4.2.8) lib/action_controller/metal/params_wrapper.rb:250:in `process_action'
  activerecord (4.2.8) lib/active_record/railties/controller_runtime.rb:18:in `process_action'
  actionpack (4.2.8) lib/abstract_controller/base.rb:137:in `process'
  actionview (4.2.8) lib/action_view/rendering.rb:30:in `process'
  actionpack (4.2.8) lib/action_controller/metal.rb:196:in `dispatch'
  actionpack (4.2.8) lib/action_controller/metal/rack_delegation.rb:13:in `dispatch'
  actionpack (4.2.8) lib/action_controller/metal.rb:237:in `block in action'
  actionpack (4.2.8) lib/action_dispatch/routing/route_set.rb:74:in `dispatch'
  actionpack (4.2.8) lib/action_dispatch/routing/route_set.rb:43:in `serve'
  actionpack (4.2.8) lib/action_dispatch/journey/router.rb:43:in `block in serve'
  actionpack (4.2.8) lib/action_dispatch/journey/router.rb:30:in `serve'
  actionpack (4.2.8) lib/action_dispatch/routing/route_set.rb:817:in `call'
  rack (1.6.5) lib/rack/etag.rb:24:in `call'
  rack (1.6.5) lib/rack/conditionalget.rb:38:in `call'
  rack (1.6.5) lib/rack/head.rb:13:in `call'
  actionpack (4.2.8) lib/action_dispatch/middleware/params_parser.rb:27:in `call'
  actionpack (4.2.8) lib/action_dispatch/middleware/flash.rb:260:in `call'
  rack (1.6.5) lib/rack/session/abstract/id.rb:225:in `context'
  rack (1.6.5) lib/rack/session/abstract/id.rb:220:in `call'
  actionpack (4.2.8) lib/action_dispatch/middleware/cookies.rb:560:in `call'
  activerecord (4.2.8) lib/active_record/query_cache.rb:36:in `call'
  activerecord (4.2.8) lib/active_record/connection_adapters/abstract/connection_pool.rb:653:in `call'
  activerecord (4.2.8) lib/active_record/migration.rb:377:in `call'
  actionpack (4.2.8) lib/action_dispatch/middleware/callbacks.rb:29:in `block in call'
  activesupport (4.2.8) lib/active_support/callbacks.rb:88:in `__run_callbacks__'
  activesupport (4.2.8) lib/active_support/callbacks.rb:778:in `_run_call_callbacks'
  activesupport (4.2.8) lib/active_support/callbacks.rb:81:in `run_callbacks'
  actionpack (4.2.8) lib/action_dispatch/middleware/callbacks.rb:27:in `call'
  actionpack (4.2.8) lib/action_dispatch/middleware/reloader.rb:73:in `call'
  actionpack (4.2.8) lib/action_dispatch/middleware/remote_ip.rb:78:in `call'
  better_errors (2.1.1) lib/better_errors/middleware.rb:84:in `protected_app_call'
  better_errors (2.1.1) lib/better_errors/middleware.rb:79:in `better_errors_call'
  better_errors (2.1.1) lib/better_errors/middleware.rb:57:in `call'
  actionpack (4.2.8) lib/action_dispatch/middleware/debug_exceptions.rb:17:in `call'
  actionpack (4.2.8) lib/action_dispatch/middleware/show_exceptions.rb:30:in `call'
  railties (4.2.8) lib/rails/rack/logger.rb:38:in `call_app'
  railties (4.2.8) lib/rails/rack/logger.rb:20:in `block in call'
  activesupport (4.2.8) lib/active_support/tagged_logging.rb:68:in `block in tagged'
  activesupport (4.2.8) lib/active_support/tagged_logging.rb:26:in `tagged'
  activesupport (4.2.8) lib/active_support/tagged_logging.rb:68:in `tagged'
  railties (4.2.8) lib/rails/rack/logger.rb:20:in `call'
  actionpack (4.2.8) lib/action_dispatch/middleware/request_id.rb:21:in `call'
  rack (1.6.5) lib/rack/methodoverride.rb:22:in `call'
  rack (1.6.5) lib/rack/runtime.rb:18:in `call'
  activesupport (4.2.8) lib/active_support/cache/strategy/local_cache_middleware.rb:28:in `call'
  rack (1.6.5) lib/rack/lock.rb:17:in `call'
  actionpack (4.2.8) lib/action_dispatch/middleware/static.rb:120:in `call'
  rack (1.6.5) lib/rack/sendfile.rb:113:in `call'
  railties (4.2.8) lib/rails/engine.rb:518:in `call'
  railties (4.2.8) lib/rails/application.rb:165:in `call'
  rack (1.6.5) lib/rack/lock.rb:17:in `call'
  rack (1.6.5) lib/rack/content_length.rb:15:in `call'
  rack (1.6.5) lib/rack/handler/webrick.rb:88:in `service'
  /usr/local/var/rbenv/versions/2.3.1/lib/ruby/2.3.0/webrick/httpserver.rb:140:in `service'
  /usr/local/var/rbenv/versions/2.3.1/lib/ruby/2.3.0/webrick/httpserver.rb:96:in `run'
  /usr/local/var/rbenv/versions/2.3.1/lib/ruby/2.3.0/webrick/server.rb:296:in `block in start_thread'



Started POST "/__better_errors/ccad7b14d7b02daa/variables" for ::1 at 2017-03-22 14:45:14 -0400
  [1m[36mUser Load (0.8ms)[0m  [1mSELECT "users".* FROM "users"[0m


Started GET "/session/new" for ::1 at 2017-03-22 14:46:05 -0400
Processing by SessionsController#new as HTML
  Rendered sessions/new.html.erb within layouts/application (0.7ms)
Completed 200 OK in 91ms (Views: 90.6ms | ActiveRecord: 0.0ms)


Started GET "/assets/cat_rental_requests.css?body=1" for ::1 at 2017-03-22 14:46:05 -0400


Started GET "/assets/cats.css?body=1" for ::1 at 2017-03-22 14:46:05 -0400


Started GET "/assets/application.css?body=1" for ::1 at 2017-03-22 14:46:05 -0400


Started POST "/session" for ::1 at 2017-03-22 14:46:11 -0400
Processing by SessionsController#create as HTML
  Parameters: {"user"=>{"username"=>"asdf", "password"=>"[FILTERED]"}}
Completed 500 Internal Server Error in 51ms (ActiveRecord: 0.0ms)

ActionView::MissingTemplate - Missing template sessions/create, application/create with {:locale=>[:en], :formats=>[:html], :variants=>[], :handlers=>[:erb, :builder, :raw, :ruby, :coffee, :jbuilder]}. Searched in:
  * "/Users/appacademy/Desktop/aACoursework/W4D3/skeleton/app/views"
:
  actionview (4.2.8) lib/action_view/path_set.rb:46:in `find'
  actionview (4.2.8) lib/action_view/lookup_context.rb:121:in `find'
  actionview (4.2.8) lib/action_view/renderer/abstract_renderer.rb:18:in `find_template'
  actionview (4.2.8) lib/action_view/renderer/template_renderer.rb:40:in `determine_template'
  actionview (4.2.8) lib/action_view/renderer/template_renderer.rb:8:in `render'
  actionview (4.2.8) lib/action_view/renderer/renderer.rb:46:in `render_template'
  actionview (4.2.8) lib/action_view/renderer/renderer.rb:27:in `render'
  actionview (4.2.8) lib/action_view/rendering.rb:100:in `_render_template'
  actionpack (4.2.8) lib/action_controller/metal/streaming.rb:217:in `_render_template'
  actionview (4.2.8) lib/action_view/rendering.rb:83:in `render_to_body'
  actionpack (4.2.8) lib/action_controller/metal/rendering.rb:32:in `render_to_body'
  actionpack (4.2.8) lib/action_controller/metal/renderers.rb:37:in `render_to_body'
  actionpack (4.2.8) lib/abstract_controller/rendering.rb:25:in `render'
  actionpack (4.2.8) lib/action_controller/metal/rendering.rb:16:in `render'
  actionpack (4.2.8) lib/action_controller/metal/instrumentation.rb:44:in `block (2 levels) in render'
  activesupport (4.2.8) lib/active_support/core_ext/benchmark.rb:12:in `block in ms'
  /usr/local/var/rbenv/versions/2.3.1/lib/ruby/2.3.0/benchmark.rb:308:in `realtime'
  activesupport (4.2.8) lib/active_support/core_ext/benchmark.rb:12:in `ms'
  actionpack (4.2.8) lib/action_controller/metal/instrumentation.rb:44:in `block in render'
  actionpack (4.2.8) lib/action_controller/metal/instrumentation.rb:87:in `cleanup_view_runtime'
  activerecord (4.2.8) lib/active_record/railties/controller_runtime.rb:25:in `cleanup_view_runtime'
  actionpack (4.2.8) lib/action_controller/metal/instrumentation.rb:43:in `render'
  actionpack (4.2.8) lib/action_controller/metal/implicit_render.rb:10:in `default_render'
  actionpack (4.2.8) lib/action_controller/metal/implicit_render.rb:5:in `send_action'
  actionpack (4.2.8) lib/abstract_controller/base.rb:198:in `process_action'
  actionpack (4.2.8) lib/action_controller/metal/rendering.rb:10:in `process_action'
  actionpack (4.2.8) lib/abstract_controller/callbacks.rb:20:in `block in process_action'
  activesupport (4.2.8) lib/active_support/callbacks.rb:117:in `call'
  activesupport (4.2.8) lib/active_support/callbacks.rb:555:in `block (2 levels) in compile'
  activesupport (4.2.8) lib/active_support/callbacks.rb:505:in `call'
  activesupport (4.2.8) lib/active_support/callbacks.rb:92:in `__run_callbacks__'
  activesupport (4.2.8) lib/active_support/callbacks.rb:778:in `_run_process_action_callbacks'
  activesupport (4.2.8) lib/active_support/callbacks.rb:81:in `run_callbacks'
  actionpack (4.2.8) lib/abstract_controller/callbacks.rb:19:in `process_action'
  actionpack (4.2.8) lib/action_controller/metal/rescue.rb:29:in `process_action'
  actionpack (4.2.8) lib/action_controller/metal/instrumentation.rb:32:in `block in process_action'
  activesupport (4.2.8) lib/active_support/notifications.rb:164:in `block in instrument'
  activesupport (4.2.8) lib/active_support/notifications/instrumenter.rb:20:in `instrument'
  activesupport (4.2.8) lib/active_support/notifications.rb:164:in `instrument'
  actionpack (4.2.8) lib/action_controller/metal/instrumentation.rb:30:in `process_action'
  actionpack (4.2.8) lib/action_controller/metal/params_wrapper.rb:250:in `process_action'
  activerecord (4.2.8) lib/active_record/railties/controller_runtime.rb:18:in `process_action'
  actionpack (4.2.8) lib/abstract_controller/base.rb:137:in `process'
  actionview (4.2.8) lib/action_view/rendering.rb:30:in `process'
  actionpack (4.2.8) lib/action_controller/metal.rb:196:in `dispatch'
  actionpack (4.2.8) lib/action_controller/metal/rack_delegation.rb:13:in `dispatch'
  actionpack (4.2.8) lib/action_controller/metal.rb:237:in `block in action'
  actionpack (4.2.8) lib/action_dispatch/routing/route_set.rb:74:in `dispatch'
  actionpack (4.2.8) lib/action_dispatch/routing/route_set.rb:43:in `serve'
  actionpack (4.2.8) lib/action_dispatch/journey/router.rb:43:in `block in serve'
  actionpack (4.2.8) lib/action_dispatch/journey/router.rb:30:in `serve'
  actionpack (4.2.8) lib/action_dispatch/routing/route_set.rb:817:in `call'
  rack (1.6.5) lib/rack/etag.rb:24:in `call'
  rack (1.6.5) lib/rack/conditionalget.rb:38:in `call'
  rack (1.6.5) lib/rack/head.rb:13:in `call'
  actionpack (4.2.8) lib/action_dispatch/middleware/params_parser.rb:27:in `call'
  actionpack (4.2.8) lib/action_dispatch/middleware/flash.rb:260:in `call'
  rack (1.6.5) lib/rack/session/abstract/id.rb:225:in `context'
  rack (1.6.5) lib/rack/session/abstract/id.rb:220:in `call'
  actionpack (4.2.8) lib/action_dispatch/middleware/cookies.rb:560:in `call'
  activerecord (4.2.8) lib/active_record/query_cache.rb:36:in `call'
  activerecord (4.2.8) lib/active_record/connection_adapters/abstract/connection_pool.rb:653:in `call'
  activerecord (4.2.8) lib/active_record/migration.rb:377:in `call'
  actionpack (4.2.8) lib/action_dispatch/middleware/callbacks.rb:29:in `block in call'
  activesupport (4.2.8) lib/active_support/callbacks.rb:88:in `__run_callbacks__'
  activesupport (4.2.8) lib/active_support/callbacks.rb:778:in `_run_call_callbacks'
  activesupport (4.2.8) lib/active_support/callbacks.rb:81:in `run_callbacks'
  actionpack (4.2.8) lib/action_dispatch/middleware/callbacks.rb:27:in `call'
  actionpack (4.2.8) lib/action_dispatch/middleware/reloader.rb:73:in `call'
  actionpack (4.2.8) lib/action_dispatch/middleware/remote_ip.rb:78:in `call'
  better_errors (2.1.1) lib/better_errors/middleware.rb:84:in `protected_app_call'
  better_errors (2.1.1) lib/better_errors/middleware.rb:79:in `better_errors_call'
  better_errors (2.1.1) lib/better_errors/middleware.rb:57:in `call'
  actionpack (4.2.8) lib/action_dispatch/middleware/debug_exceptions.rb:17:in `call'
  actionpack (4.2.8) lib/action_dispatch/middleware/show_exceptions.rb:30:in `call'
  railties (4.2.8) lib/rails/rack/logger.rb:38:in `call_app'
  railties (4.2.8) lib/rails/rack/logger.rb:20:in `block in call'
  activesupport (4.2.8) lib/active_support/tagged_logging.rb:68:in `block in tagged'
  activesupport (4.2.8) lib/active_support/tagged_logging.rb:26:in `tagged'
  activesupport (4.2.8) lib/active_support/tagged_logging.rb:68:in `tagged'
  railties (4.2.8) lib/rails/rack/logger.rb:20:in `call'
  actionpack (4.2.8) lib/action_dispatch/middleware/request_id.rb:21:in `call'
  rack (1.6.5) lib/rack/methodoverride.rb:22:in `call'
  rack (1.6.5) lib/rack/runtime.rb:18:in `call'
  activesupport (4.2.8) lib/active_support/cache/strategy/local_cache_middleware.rb:28:in `call'
  rack (1.6.5) lib/rack/lock.rb:17:in `call'
  actionpack (4.2.8) lib/action_dispatch/middleware/static.rb:120:in `call'
  rack (1.6.5) lib/rack/sendfile.rb:113:in `call'
  railties (4.2.8) lib/rails/engine.rb:518:in `call'
  railties (4.2.8) lib/rails/application.rb:165:in `call'
  rack (1.6.5) lib/rack/lock.rb:17:in `call'
  rack (1.6.5) lib/rack/content_length.rb:15:in `call'
  rack (1.6.5) lib/rack/handler/webrick.rb:88:in `service'
  /usr/local/var/rbenv/versions/2.3.1/lib/ruby/2.3.0/webrick/httpserver.rb:140:in `service'
  /usr/local/var/rbenv/versions/2.3.1/lib/ruby/2.3.0/webrick/httpserver.rb:96:in `run'
  /usr/local/var/rbenv/versions/2.3.1/lib/ruby/2.3.0/webrick/server.rb:296:in `block in start_thread'



Started POST "/__better_errors/3f9c8c79290c7a69/variables" for ::1 at 2017-03-22 14:46:11 -0400
